0 info it worked if it ends with ok
1 verbose cli [ 'C:\\Program Files\\nodejs\\node.exe',
1 verbose cli   'C:\\Program Files\\nodejs\\node_modules\\npm\\bin\\npm-cli.js',
1 verbose cli   'start' ]
2 info using npm@3.10.8
3 info using node@v6.9.1
4 verbose run-script [ 'prestart', 'start', 'poststart' ]
5 info lifecycle gb-ts@0.0.1~prestart: gb-ts@0.0.1
6 silly lifecycle gb-ts@0.0.1~prestart: no script for prestart, continuing
7 info lifecycle gb-ts@0.0.1~start: gb-ts@0.0.1
8 verbose lifecycle gb-ts@0.0.1~start: unsafe-perm in lifecycle true
9 verbose lifecycle gb-ts@0.0.1~start: PATH: C:\Users\alber\AppData\Roaming\nvm\v6.9.1\node_modules\npm\bin\node-gyp-bin;C:\GIT_LOCAL\GbTs\node_modules\.bin;C:\Program Files\Dell\DW WLAN Card;C:\Program Files (x86)\Intel\iCLS Client\;C:\Program Files\Intel\iCLS Client\;C:\Windows\system32;C:\Windows;C:\Windows\System32\Wbem;C:\Windows\System32\WindowsPowerShell\v1.0\;C:\Program Files (x86)\Intel\Intel(R) Management Engine Components\DAL;C:\Program Files\Intel\Intel(R) Management Engine Components\DAL;C:\Program Files (x86)\Intel\Intel(R) Management Engine Components\IPT;C:\Program Files\Intel\Intel(R) Management Engine Components\IPT;C:\Program Files\WIDCOMM\Bluetooth Software\;C:\Program Files\WIDCOMM\Bluetooth Software\syswow64;C:\Program Files (x86)\NVIDIA Corporation\PhysX\Common;C:\Program Files\Microsoft SQL Server\130\Tools\Binn\;C:\Program Files\Git\cmd;C:\WINDOWS\system32;C:\WINDOWS;C:\WINDOWS\System32\Wbem;C:\WINDOWS\System32\WindowsPowerShell\v1.0\;C:\Program Files (x86)\Windows Kits\8.1\Windows Performance Toolkit\;C:\Program Files\Amazon\AWSCLI\;C:\Users\alber\AppData\Roaming\nvm;C:\Program Files\nodejs;C:\Program Files\Microsoft SQL Server\Client SDK\ODBC\110\Tools\Binn\;C:\Program Files (x86)\Microsoft SQL Server\120\Tools\Binn\;C:\Program Files\Microsoft SQL Server\120\Tools\Binn\;C:\Program Files\Microsoft SQL Server\120\DTS\Binn\;C:\Program Files (x86)\Microsoft SQL Server\120\Tools\Binn\ManagementStudio\;C:\Program Files (x86)\Microsoft SQL Server\120\DTS\Binn\;C:\Program Files (x86)\LINQPad5;C:\Program Files (x86)\Microsoft Emulator Manager\1.0\;C:\Program Files (x86)\Yarn\bin;C:\Program Files (x86)\Google\Google Apps Sync\;C:\Program Files (x86)\Google\Google Apps Migration\;C:\Program Files\dotnet\;C:\Ruby23-x64\bin;C:\Users\alber\AppData\Local\Microsoft\WindowsApps;C:\Program Files (x86)\Microsoft VS Code\bin;C:\Users\alber\AppData\Roaming\npm;C:\Users\alber\AppData\Roaming\nvm;C:\Program Files\nodejs;C:\Users\alber\AppData\Local\Yarn\.bin
10 verbose lifecycle gb-ts@0.0.1~start: CWD: C:\GIT_LOCAL\GbTs
11 silly lifecycle gb-ts@0.0.1~start: Args: [ '/d /s /c', 'concurrently "npm run tsc:w" "superstatic" ' ]
12 silly lifecycle gb-ts@0.0.1~start: Returned: code: 3221225786  signal: null
13 info lifecycle gb-ts@0.0.1~start: Failed to exec start script
14 verbose stack Error: gb-ts@0.0.1 start: `concurrently "npm run tsc:w" "superstatic" `
14 verbose stack Exit status 3221225786
14 verbose stack     at EventEmitter.<anonymous> (C:\Users\alber\AppData\Roaming\nvm\v6.9.1\node_modules\npm\lib\utils\lifecycle.js:255:16)
14 verbose stack     at emitTwo (events.js:106:13)
14 verbose stack     at EventEmitter.emit (events.js:191:7)
14 verbose stack     at ChildProcess.<anonymous> (C:\Users\alber\AppData\Roaming\nvm\v6.9.1\node_modules\npm\lib\utils\spawn.js:40:14)
14 verbose stack     at emitTwo (events.js:106:13)
14 verbose stack     at ChildProcess.emit (events.js:191:7)
14 verbose stack     at maybeClose (internal/child_process.js:877:16)
14 verbose stack     at Process.ChildProcess._handle.onexit (internal/child_process.js:226:5)
15 verbose pkgid gb-ts@0.0.1
16 verbose cwd C:\GIT_LOCAL\GbTs
17 error Windows_NT 10.0.14393
18 error argv "C:\\Program Files\\nodejs\\node.exe" "C:\\Program Files\\nodejs\\node_modules\\npm\\bin\\npm-cli.js" "start"
19 error node v6.9.1
20 error npm  v3.10.8
21 error code ELIFECYCLE
22 error gb-ts@0.0.1 start: `concurrently "npm run tsc:w" "superstatic" `
22 error Exit status 3221225786
23 error Failed at the gb-ts@0.0.1 start script 'concurrently "npm run tsc:w" "superstatic" '.
23 error Make sure you have the latest version of node.js and npm installed.
23 error If you do, this is most likely a problem with the gb-ts package,
23 error not with npm itself.
23 error Tell the author that this fails on your system:
23 error     concurrently "npm run tsc:w" "superstatic"
23 error You can get information on how to open an issue for this project with:
23 error     npm bugs gb-ts
23 error Or if that isn't available, you can get their info via:
23 error     npm owner ls gb-ts
23 error There is likely additional logging output above.
24 verbose exit [ 1, true ]
